<?xml version="1.0" encoding="UTF-8"?>
<coverage generated="1686424122559" clover="3.2.0">
  <project timestamp="1686424122559" name="All files">
    <metrics statements="12" coveredstatements="12" conditionals="3" coveredconditionals="3" methods="2" coveredmethods="2" elements="17" coveredelements="17" complexity="0" loc="12" ncloc="12" packages="1" files="1" classes="1"/>
    <file name="User.js" path="/home/Gabriel/Documentos/development/node_studies/auth_api/src/model/user/User.js">
      <metrics statements="12" coveredstatements="12" conditionals="3" coveredconditionals="3" methods="2" coveredmethods="2"/>
      <line num="1" count="1" type="cond" truecount="1" falsecount="0"/>
      <line num="2" count="1" type="stmt"/>
      <line num="3" count="1" type="stmt"/>
      <line num="4" count="1" type="stmt"/>
      <line num="5" count="1" type="stmt"/>
      <line num="6" count="1" type="stmt"/>
      <line num="7" count="1" type="cond" truecount="1" falsecount="0"/>
      <line num="8" count="1" type="cond" truecount="1" falsecount="0"/>
      <line num="9" count="4" type="stmt"/>
      <line num="10" count="1" type="stmt"/>
      <line num="11" count="1" type="stmt"/>
      <line num="12" count="1" type="stmt"/>
    </file>
  </project>
</coverage>
